<?xml version="1.0" encoding="UTF-8"?>
<testsuite name="RecordValidatorTest" tests="1" skipped="0" failures="0" errors="0" timestamp="2022-11-29T17:09:54" hostname="WINAPMSSGFD6MOB" time="0.178">
  <properties/>
  <testcase name="testValidate()" classname="RecordValidatorTest" time="0.178"/>
  <system-out><![CDATA[]]></system-out>
  <system-err><![CDATA[]]></system-err>
</testsuite>
